{"uuid":"15229e8d-e32d-42d1-afab-9143a09e8332","name":"com.testautomation.tests.BaseTest.setUp","children":["58848c83-c9eb-47ee-b052-cea5f28b59a4"],"description":"","befores":[{"name":"setUp","status":"broken","statusDetails":{"known":false,"muted":false,"flaky":false,"message":"Test setup failed","trace":"java.lang.RuntimeException: Test setup failed\n\tat com.testautomation.tests.BaseTest.setUp(BaseTest.java:90)\n\tat java.base/jdk.internal.reflect.DirectMethodHandleAccessor.invoke(DirectMethodHandleAccessor.java:104)\n\tat java.base/java.lang.reflect.Method.invoke(Method.java:565)\n\tat org.testng.internal.invokers.MethodInvocationHelper.invokeMethod(MethodInvocationHelper.java:139)\n\tat org.testng.internal.invokers.MethodInvocationHelper.invokeMethodConsideringTimeout(MethodInvocationHelper.java:69)\n\tat org.testng.internal.invokers.ConfigInvoker.invokeConfigurationMethod(ConfigInvoker.java:390)\n\tat org.testng.internal.invokers.ConfigInvoker.invokeConfigurations(ConfigInvoker.java:325)\n\tat org.testng.internal.invokers.TestInvoker.runConfigMethods(TestInvoker.java:810)\n\tat org.testng.internal.invokers.TestInvoker.invokeMethod(TestInvoker.java:577)\n\tat org.testng.internal.invokers.TestInvoker.invokeTestMethod(TestInvoker.java:227)\n\tat org.testng.internal.invokers.MethodRunner.runInSequence(MethodRunner.java:50)\n\tat org.testng.internal.invokers.TestInvoker$MethodInvocationAgent.invoke(TestInvoker.java:957)\n\tat org.testng.internal.invokers.TestInvoker.invokeTestMethods(TestInvoker.java:200)\n\tat org.testng.internal.invokers.TestMethodWorker.invokeTestMethods(TestMethodWorker.java:148)\n\tat org.testng.internal.invokers.TestMethodWorker.run(TestMethodWorker.java:128)\n\tat java.base/java.util.ArrayList.forEach(ArrayList.java:1604)\n\tat org.testng.TestRunner.privateRun(TestRunner.java:848)\n\tat org.testng.TestRunner.run(TestRunner.java:621)\n\tat org.testng.SuiteRunner.runTest(SuiteRunner.java:443)\n\tat org.testng.SuiteRunner.runSequentially(SuiteRunner.java:437)\n\tat org.testng.SuiteRunner.privateRun(SuiteRunner.java:397)\n\tat org.testng.SuiteRunner.run(SuiteRunner.java:336)\n\tat org.testng.SuiteRunnerWorker.runSuite(SuiteRunnerWorker.java:52)\n\tat org.testng.SuiteRunnerWorker.run(SuiteRunnerWorker.java:95)\n\tat org.testng.TestNG.runSuitesSequentially(TestNG.java:1280)\n\tat org.testng.TestNG.runSuitesLocally(TestNG.java:1200)\n\tat org.testng.TestNG.runSuites(TestNG.java:1114)\n\tat org.testng.TestNG.run(TestNG.java:1082)\n\tat com.microsoft.java.test.runner.testng.TestNGRunner.run(TestNGRunner.java:45)\n\tat com.microsoft.java.test.runner.testng.TestNGLauncher.execute(TestNGLauncher.java:32)\n\tat com.microsoft.java.test.runner.Launcher.main(Launcher.java:57)\nCaused by: java.lang.RuntimeException: WebDriver initialization failed\n\tat com.testautomation.utilities.WebDriverManager.initiateDriver(WebDriverManager.java:28)\n\tat com.testautomation.tests.BaseTest.setUp(BaseTest.java:68)\n\t... 30 more\nCaused by: org.openqa.selenium.SessionNotCreatedException: Could not start a new session. Response code 500. Message: session not created\nfrom disconnected: unable to connect to renderer \nHost info: host: 'Zorans-MacBook-Pro.local', ip: 'fe80:0:0:0:8bd:f465:2121:5f9c%en0'\nBuild info: version: '4.15.0', revision: '1d14b5521b'\nSystem info: os.name: 'Mac OS X', os.arch: 'aarch64', os.version: '15.5', java.version: '24.0.1'\nDriver info: org.openqa.selenium.chrome.ChromeDriver\nCommand: [null, newSession {capabilities=[Capabilities {browserName: chrome, goog:chromeOptions: {args: [--start-maximized, --disable-popup-blocking, --disable-logging, --disable-extensions, --no-sandbox, --disable-dev-shm-usage, --disable-gpu, --disable-web-security, --allow-running-insecure-co..., --disable-features=VizDispl..., --remote-debugging-port=9222], binary: /Applications/Google Chrome..., extensions: []}}]}]\n\tat org.openqa.selenium.remote.ProtocolHandshake.createSession(ProtocolHandshake.java:140)\n\tat org.openqa.selenium.remote.ProtocolHandshake.createSession(ProtocolHandshake.java:96)\n\tat org.openqa.selenium.remote.ProtocolHandshake.createSession(ProtocolHandshake.java:68)\n\tat org.openqa.selenium.remote.HttpCommandExecutor.execute(HttpCommandExecutor.java:163)\n\tat org.openqa.selenium.remote.service.DriverCommandExecutor.invokeExecute(DriverCommandExecutor.java:200)\n\tat org.openqa.selenium.remote.service.DriverCommandExecutor.execute(DriverCommandExecutor.java:175)\n\tat org.openqa.selenium.remote.RemoteWebDriver.execute(RemoteWebDriver.java:607)\n\tat org.openqa.selenium.remote.RemoteWebDriver.startSession(RemoteWebDriver.java:241)\n\tat org.openqa.selenium.remote.RemoteWebDriver.<init>(RemoteWebDriver.java:168)\n\tat org.openqa.selenium.chromium.ChromiumDriver.<init>(ChromiumDriver.java:108)\n\tat org.openqa.selenium.chrome.ChromeDriver.<init>(ChromeDriver.java:89)\n\tat org.openqa.selenium.chrome.ChromeDriver.<init>(ChromeDriver.java:84)\n\tat com.testautomation.utilities.WebDriverManager.createDriver(WebDriverManager.java:36)\n\tat com.testautomation.utilities.WebDriverManager.initiateDriver(WebDriverManager.java:23)\n\t... 31 more\n"},"stage":"finished","description":"","steps":[],"attachments":[],"parameters":[],"start":1754908466868,"stop":1754908467779}],"afters":[],"start":1754908466868,"stop":1754908467779}